{
  "RSpec": {
    "coverage": {
      "/Users/nadia/Desktop/code/makersbnb/spec/features/sign_up_spec.rb": {
        "lines": [
          1,
          1,
          1,
          1,
          null,
          null
        ]
      },
      "/Users/nadia/Desktop/code/makersbnb/spec/features/user_log_in_spec.rb": {
        "lines": [
          1,
          1,
          1,
          1,
          1,
          1,
          1,
          1,
          1,
          null,
          null,
          1,
          1,
          1,
          1,
          1,
          1,
          1,
          null,
          null
        ]
      },
      "/Users/nadia/Desktop/code/makersbnb/spec/property_spec.rb": {
        "lines": [
          1,
          null,
          1,
          1,
          1,
          null,
          null,
          1,
          1,
          1,
          1,
          1,
          null,
          null,
          1,
          1,
          1,
          null,
          null
        ]
      },
      "/Users/nadia/Desktop/code/makersbnb/lib/property.rb": {
        "lines": [
          1,
          1,
          null
        ]
      },
      "/Users/nadia/Desktop/code/makersbnb/spec/user_spec.rb": {
        "lines": [
          1,
          null,
          1,
          1,
          1,
          1,
          1,
          1,
          null,
          null
        ]
      }
    },
    "timestamp": 1650471544
  }
}
